# JRE version: OpenJDK Runtime Environment (8.0_242-b01) (build 1.8.0_242-release-1644-b01)
# Java VM: OpenJDK 64-Bit Server VM (25.242-b01 mixed mode windows-amd64 compressed oops)
Heap:
 PSYoungGen      total 58368K, used 40368K [0x00000000d5580000, 0x00000000dab80000, 0x0000000100000000)
  eden space 43008K, 74% used [0x00000000d5580000,0x00000000d74a0548,0x00000000d7f80000)
  from space 15360K, 55% used [0x00000000d7f80000,0x00000000d87cbba0,0x00000000d8e80000)
  to   space 14848K, 0% used [0x00000000d9d00000,0x00000000d9d00000,0x00000000dab80000)
 ParOldGen       total 73216K, used 22716K [0x0000000080000000, 0x0000000084780000, 0x00000000d5580000)
  object space 73216K, 31% used [0x0000000080000000,0x000000008162f0d0,0x0000000084780000)
 Metaspace       used 43708K, capacity 44478K, committed 44928K, reserved 1089536K
  class space    used 5545K, capacity 5751K, committed 5760K, reserved 1048576K
GC Heap History (10 events):
Event: 12.914 GC heap before
{Heap before GC invocations=5 (full 1):
 PSYoungGen      total 38400K, used 33280K [0x00000000d5580000, 0x00000000d8000000, 0x0000000100000000)
  eden space 33280K, 100% used [0x00000000d5580000,0x00000000d7600000,0x00000000d7600000)
  from space 5120K, 0% used [0x00000000d7600000,0x00000000d7600000,0x00000000d7b00000)
  to   space 5120K, 0% used [0x00000000d7b00000,0x00000000d7b00000,0x00000000d8000000)
 ParOldGen       total 73216K, used 9446K [0x0000000080000000, 0x0000000084780000, 0x00000000d5580000)
  object space 73216K, 12% used [0x0000000080000000,0x0000000080939a48,0x0000000084780000)
 Metaspace       used 23433K, capacity 23956K, committed 24192K, reserved 1071104K
  class space    used 2791K, capacity 2931K, committed 2944K, reserved 1048576K
Event: 12.973 GC heap after
Heap after GC invocations=5 (full 1):
 PSYoungGen      total 38400K, used 5098K [0x00000000d5580000, 0x00000000d8b00000, 0x0000000100000000)
  eden space 33280K, 0% used [0x00000000d5580000,0x00000000d5580000,0x00000000d7600000)
  from space 5120K, 99% used [0x00000000d7b00000,0x00000000d7ffaa88,0x00000000d8000000)
  to   space 5120K, 0% used [0x00000000d7600000,0x00000000d7600000,0x00000000d7b00000)
 ParOldGen       total 73216K, used 11125K [0x0000000080000000, 0x0000000084780000, 0x00000000d5580000)
  object space 73216K, 15% used [0x0000000080000000,0x0000000080add770,0x0000000084780000)
 Metaspace       used 23433K, capacity 23956K, committed 24192K, reserved 1071104K
  class space    used 2791K, capacity 2931K, committed 2944K, reserved 1048576K
}
Event: 18.042 GC heap before
{Heap before GC invocations=6 (full 1):
 PSYoungGen      total 38400K, used 38378K [0x00000000d5580000, 0x00000000d8b00000, 0x0000000100000000)
  eden space 33280K, 100% used [0x00000000d5580000,0x00000000d7600000,0x00000000d7600000)
  from space 5120K, 99% used [0x00000000d7b00000,0x00000000d7ffaa88,0x00000000d8000000)
  to   space 5120K, 0% used [0x00000000d7600000,0x00000000d7600000,0x00000000d7b00000)
 ParOldGen       total 73216K, used 11125K [0x0000000080000000, 0x0000000084780000, 0x00000000d5580000)
  object space 73216K, 15% used [0x0000000080000000,0x0000000080add770,0x0000000084780000)
 Metaspace       used 29238K, capacity 29716K, committed 30080K, reserved 1075200K
  class space    used 3524K, capacity 3672K, committed 3712K, reserved 1048576K
Event: 18.071 GC heap after
Heap after GC invocations=6 (full 1):
 PSYoungGen      total 38400K, used 5091K [0x00000000d5580000, 0x00000000d9c80000, 0x0000000100000000)
  eden space 33280K, 0% used [0x00000000d5580000,0x00000000d5580000,0x00000000d7600000)
  from space 5120K, 99% used [0x00000000d7600000,0x00000000d7af8c70,0x00000000d7b00000)
  to   space 14336K, 0% used [0x00000000d8e80000,0x00000000d8e80000,0x00000000d9c80000)
 ParOldGen       total 73216K, used 19918K [0x0000000080000000, 0x0000000084780000, 0x00000000d5580000)
  object space 73216K, 27% used [0x0000000080000000,0x0000000081373840,0x0000000084780000)
 Metaspace       used 29238K, capacity 29716K, committed 30080K, reserved 1075200K
  class space    used 3524K, capacity 3672K, committed 3712K, reserved 1048576K
}
Event: 20.904 GC heap before
{Heap before GC invocations=7 (full 1):
 PSYoungGen      total 38400K, used 32638K [0x00000000d5580000, 0x00000000d9c80000, 0x0000000100000000)
  eden space 33280K, 82% used [0x00000000d5580000,0x00000000d7066d98,0x00000000d7600000)
  from space 5120K, 99% used [0x00000000d7600000,0x00000000d7af8c70,0x00000000d7b00000)
  to   space 14336K, 0% used [0x00000000d8e80000,0x00000000d8e80000,0x00000000d9c80000)
 ParOldGen       total 73216K, used 19918K [0x0000000080000000, 0x0000000084780000, 0x00000000d5580000)
  object space 73216K, 27% used [0x0000000080000000,0x0000000081373840,0x0000000084780000)
 Metaspace       used 34576K, capacity 35136K, committed 35416K, reserved 1081344K
  class space    used 4410K, capacity 4578K, committed 4608K, reserved 1048576K
Event: 20.995 GC heap after
Heap after GC invocations=7 (full 1):
 PSYoungGen      total 57344K, used 12523K [0x00000000d5580000, 0x00000000da280000, 0x0000000100000000)
  eden space 43008K, 0% used [0x00000000d5580000,0x00000000d5580000,0x00000000d7f80000)
  from space 14336K, 87% used [0x00000000d8e80000,0x00000000d9abaf10,0x00000000d9c80000)
  to   space 15360K, 0% used [0x00000000d7f80000,0x00000000d7f80000,0x00000000d8e80000)
 ParOldGen       total 73216K, used 19926K [0x0000000080000000, 0x0000000084780000, 0x00000000d5580000)
  object space 73216K, 27% used [0x0000000080000000,0x0000000081375840,0x0000000084780000)
 Metaspace       used 34576K, capacity 35136K, committed 35416K, reserved 1081344K
  class space    used 4410K, capacity 4578K, committed 4608K, reserved 1048576K
}
Event: 20.995 GC heap before
{Heap before GC invocations=8 (full 2):
 PSYoungGen      total 57344K, used 12523K [0x00000000d5580000, 0x00000000da280000, 0x0000000100000000)
  eden space 43008K, 0% used [0x00000000d5580000,0x00000000d5580000,0x00000000d7f80000)
  from space 14336K, 87% used [0x00000000d8e80000,0x00000000d9abaf10,0x00000000d9c80000)
  to   space 15360K, 0% used [0x00000000d7f80000,0x00000000d7f80000,0x00000000d8e80000)
 ParOldGen       total 73216K, used 19926K [0x0000000080000000, 0x0000000084780000, 0x00000000d5580000)
  object space 73216K, 27% used [0x0000000080000000,0x0000000081375840,0x0000000084780000)
 Metaspace       used 34576K, capacity 35136K, committed 35416K, reserved 1081344K
  class space    used 4410K, capacity 4578K, committed 4608K, reserved 1048576K
Event: 21.301 GC heap after
Heap after GC invocations=8 (full 2):
 PSYoungGen      total 57344K, used 0K [0x00000000d5580000, 0x00000000da280000, 0x0000000100000000)
  eden space 43008K, 0% used [0x00000000d5580000,0x00000000d5580000,0x00000000d7f80000)
  from space 14336K, 0% used [0x00000000d8e80000,0x00000000d8e80000,0x00000000d9c80000)
  to   space 15360K, 0% used [0x00000000d7f80000,0x00000000d7f80000,0x00000000d8e80000)
 ParOldGen       total 73216K, used 22708K [0x0000000080000000, 0x0000000084780000, 0x00000000d5580000)
  object space 73216K, 31% used [0x0000000080000000,0x000000008162d0d0,0x0000000084780000)
 Metaspace       used 34576K, capacity 35136K, committed 35416K, reserved 1081344K
  class space    used 4410K, capacity 4578K, committed 4608K, reserved 1048576K
}
Event: 24.419 GC heap before
{Heap before GC invocations=9 (full 2):
 PSYoungGen      total 57344K, used 43008K [0x00000000d5580000, 0x00000000da280000, 0x0000000100000000)
  eden space 43008K, 100% used [0x00000000d5580000,0x00000000d7f80000,0x00000000d7f80000)
  from space 14336K, 0% used [0x00000000d8e80000,0x00000000d8e80000,0x00000000d9c80000)
  to   space 15360K, 0% used [0x00000000d7f80000,0x00000000d7f80000,0x00000000d8e80000)
 ParOldGen       total 73216K, used 22708K [0x0000000080000000, 0x0000000084780000, 0x00000000d5580000)
  object space 73216K, 31% used [0x0000000080000000,0x000000008162d0d0,0x0000000084780000)
 Metaspace       used 38206K, capacity 38846K, committed 39296K, reserved 1083392K
  class space    used 4802K, capacity 4985K, committed 4992K, reserved 1048576K
Event: 24.441 GC heap after
Heap after GC invocations=9 (full 2):
 PSYoungGen      total 58368K, used 8494K [0x00000000d5580000, 0x00000000dab80000, 0x0000000100000000)
  eden space 43008K, 0% used [0x00000000d5580000,0x00000000d5580000,0x00000000d7f80000)
  from space 15360K, 55% used [0x00000000d7f80000,0x00000000d87cbba0,0x00000000d8e80000)
  to   space 14848K, 0% used [0x00000000d9d00000,0x00000000d9d00000,0x00000000dab80000)
 ParOldGen       total 73216K, used 22716K [0x0000000080000000, 0x0000000084780000, 0x00000000d5580000)
  object space 73216K, 31% used [0x0000000080000000,0x000000008162f0d0,0x0000000084780000)
 Metaspace       used 38206K, capacity 38846K, committed 39296K, reserved 1083392K
  class space    used 4802K, capacity 4985K, committed 4992K, reserved 1048576K
}

